Using pre-set license
Built from 'HEAD' branch; Version is '2021.3.16f1c1 (56dbfdd6697f) revision 5692413'; Using compiler version '192829333'; Build Type 'Release'
OS: 'Windows 11  (10.0.22000) 64bit CoreCountrySpecific' Language: 'zh' Physical Memory: 32508 MB
BatchMode: 1, IsHumanControllingUs: 0, StartBugReporterOnCrash: 0, Is64bit: 1, IsPro: 1

COMMAND LINE ARGUMENTS:
D:\Program Files\Unity\Hub\Editor\2021.3.16f1c1\Editor\Unity.exe
-adb2
-batchMode
-noUpm
-name
AssetImportWorker0
-projectPath
D:/zphData/test37sdk/3DModel
-logFile
Logs/AssetImportWorker0.log
-srvPort
58164
Successfully changed project path to: D:/zphData/test37sdk/3DModel
D:/zphData/test37sdk/3DModel
[UnityMemory] Configuration Parameters - Can be set up in boot.config
    "memorysetup-bucket-allocator-granularity=16"
    "memorysetup-bucket-allocator-bucket-count=8"
    "memorysetup-bucket-allocator-block-size=33554432"
    "memorysetup-bucket-allocator-block-count=8"
    "memorysetup-main-allocator-block-size=16777216"
    "memorysetup-thread-allocator-block-size=16777216"
    "memorysetup-gfx-main-allocator-block-size=16777216"
    "memorysetup-gfx-thread-allocator-block-size=16777216"
    "memorysetup-cache-allocator-block-size=4194304"
    "memorysetup-typetree-allocator-block-size=2097152"
    "memorysetup-profiler-bucket-allocator-granularity=16"
    "memorysetup-profiler-bucket-allocator-bucket-count=8"
    "memorysetup-profiler-bucket-allocator-block-size=33554432"
    "memorysetup-profiler-bucket-allocator-block-count=8"
    "memorysetup-profiler-allocator-block-size=16777216"
    "memorysetup-profiler-editor-allocator-block-size=1048576"
    "memorysetup-temp-allocator-size-main=16777216"
    "memorysetup-job-temp-allocator-block-size=2097152"
    "memorysetup-job-temp-allocator-block-size-background=1048576"
    "memorysetup-job-temp-allocator-reduction-small-platforms=262144"
    "memorysetup-temp-allocator-size-background-worker=32768"
    "memorysetup-temp-allocator-size-job-worker=262144"
    "memorysetup-temp-allocator-size-preload-manager=33554432"
    "memorysetup-temp-allocator-size-nav-mesh-worker=65536"
    "memorysetup-temp-allocator-size-audio-worker=65536"
    "memorysetup-temp-allocator-size-cloud-worker=32768"
    "memorysetup-temp-allocator-size-gi-baking-worker=262144"
    "memorysetup-temp-allocator-size-gfx=262144"
Player connection [22612] Host "[IP] 172.21.114.45 [Port] 0 [Flags] 2 [Guid] 935204009 [EditorId] 935204009 [Version] 1048832 [Id] WindowsEditor(7,zhangpenghui) [Debug] 1 [PackageName] WindowsEditor [ProjectName] Editor" joined multi-casting on [225.0.0.222:54997]...

Player connection [22612] Host "[IP] 172.21.114.45 [Port] 0 [Flags] 2 [Guid] 935204009 [EditorId] 935204009 [Version] 1048832 [Id] WindowsEditor(7,zhangpenghui) [Debug] 1 [PackageName] WindowsEditor [ProjectName] Editor" joined alternative multi-casting on [225.0.0.222:34997]...

AS: AutoStreaming module initializing.
Refreshing native plugins compatible for Editor in 238.87 ms, found 3 plugins.
Preloading 0 native plugins for Editor in 0.00 ms.
Initialize engine version: 2021.3.16f1c1 (56dbfdd6697f)
[Subsystems] Discovering subsystems at path D:/Program Files/Unity/Hub/Editor/2021.3.16f1c1/Editor/Data/Resources/UnitySubsystems
[Subsystems] Discovering subsystems at path D:/zphData/test37sdk/3DModel/Assets
GfxDevice: creating device client; threaded=0; jobified=0
Direct3D:
    Version:  Direct3D 11.0 [level 11.1]
    Renderer: NVIDIA GeForce RTX 3070 Ti Laptop GPU (ID=0x24a0)
    Vendor:   NVIDIA
    VRAM:     8043 MB
    Driver:   30.0.15.1289
Initialize mono
Mono path[0] = 'D:/Program Files/Unity/Hub/Editor/2021.3.16f1c1/Editor/Data/Managed'
Mono path[1] = 'D:/Program Files/Unity/Hub/Editor/2021.3.16f1c1/Editor/Data/MonoBleedingEdge/lib/mono/unityjit-win32'
Mono config path = 'D:/Program Files/Unity/Hub/Editor/2021.3.16f1c1/Editor/Data/MonoBleedingEdge/etc'
Using monoOptions --debugger-agent=transport=dt_socket,embedding=1,server=y,suspend=n,address=127.0.0.1:56908
Begin MonoManager ReloadAssembly
Registering precompiled unity dll's ...
Register platform support module: D:/Program Files/Unity/Hub/Editor/2021.3.16f1c1/Editor/Data/PlaybackEngines/WebGLSupport/UnityEditor.WebGL.Extensions.dll
Register platform support module: D:/Program Files/Unity/Hub/Editor/2021.3.16f1c1/Editor/Data/PlaybackEngines/WindowsStandaloneSupport/UnityEditor.WindowsStandalone.Extensions.dll
Registered in 0.002235 seconds.
Native extension for WindowsStandalone target not found
Native extension for WebGL target not found
Refreshing native plugins compatible for Editor in 82.77 ms, found 3 plugins.
Preloading 0 native plugins for Editor in 0.00 ms.
Mono: successfully reloaded assembly
- Completed reload, in  1.161 seconds
Domain Reload Profiling:
	ReloadAssembly (1162ms)
		BeginReloadAssembly (161ms)
			ExecutionOrderSort (0ms)
			DisableScriptedObjects (0ms)
			BackupInstance (0ms)
			ReleaseScriptingObjects (0ms)
			CreateAndSetChildDomain (1ms)
		EndReloadAssembly (779ms)
			LoadAssemblies (55ms)
			RebuildTransferFunctionScriptingTraits (0ms)
			SetupTypeCache (91ms)
			ReleaseScriptCaches (0ms)
			RebuildScriptCaches (26ms)
			SetupLoadedEditorAssemblies (435ms)
				LogAssemblyErrors (0ms)
				InitializePlatformSupportModulesInManaged (9ms)
				SetLoadedEditorAssemblies (0ms)
				RefreshPlugins (83ms)
				BeforeProcessingInitializeOnLoad (1ms)
				ProcessInitializeOnLoadAttributes (296ms)
				ProcessInitializeOnLoadMethodAttributes (46ms)
				AfterProcessingInitializeOnLoad (0ms)
				EditorAssembliesLoaded (0ms)
			ExecutionOrderSort2 (0ms)
			AwakeInstancesAfterBackupRestoration (0ms)
Platform modules already initialized, skipping
Registering precompiled user dll's ...
Registered in 0.022708 seconds.
Begin MonoManager ReloadAssembly
Symbol file LoadedFromMemory doesn't match image D:\zphData\test37sdk\3DModel\Library\PackageCache\com.unity.visualscripting@1.7.8\Editor\VisualScripting.Core\Dependencies\YamlDotNet\Unity.VisualScripting.YamlDotNet.dll
Symbol file LoadedFromMemory doesn't match image D:\zphData\test37sdk\3DModel\Library\PackageCache\com.unity.visualscripting@1.7.8\Editor\VisualScripting.Core\Dependencies\DotNetZip\Unity.VisualScripting.IonicZip.dll
Native extension for WindowsStandalone target not found
Native extension for WebGL target not found
Refreshing native plugins compatible for Editor in 158.10 ms, found 3 plugins.
Preloading 0 native plugins for Editor in 0.00 ms.
Mono: successfully reloaded assembly
- Completed reload, in  1.216 seconds
Domain Reload Profiling:
	ReloadAssembly (1217ms)
		BeginReloadAssembly (103ms)
			ExecutionOrderSort (0ms)
			DisableScriptedObjects (4ms)
			BackupInstance (0ms)
			ReleaseScriptingObjects (0ms)
			CreateAndSetChildDomain (15ms)
		EndReloadAssembly (1018ms)
			LoadAssemblies (73ms)
			RebuildTransferFunctionScriptingTraits (0ms)
			SetupTypeCache (207ms)
			ReleaseScriptCaches (0ms)
			RebuildScriptCaches (47ms)
			SetupLoadedEditorAssemblies (659ms)
				LogAssemblyErrors (0ms)
				InitializePlatformSupportModulesInManaged (6ms)
				SetLoadedEditorAssemblies (0ms)
				RefreshPlugins (158ms)
				BeforeProcessingInitializeOnLoad (137ms)
				ProcessInitializeOnLoadAttributes (259ms)
				ProcessInitializeOnLoadMethodAttributes (94ms)
				AfterProcessingInitializeOnLoad (5ms)
				EditorAssembliesLoaded (0ms)
			ExecutionOrderSort2 (0ms)
			AwakeInstancesAfterBackupRestoration (5ms)
Platform modules already initialized, skipping
========================================================================
Worker process is ready to serve import requests
Launched and connected shader compiler UnityShaderCompiler.exe after 0.05 seconds
Refreshing native plugins compatible for Editor in 0.88 ms, found 3 plugins.
Preloading 0 native plugins for Editor in 0.00 ms.
Unloading 5018 Unused Serialized files (Serialized files now loaded: 0)
Unloading 34 unused Assets / (0.7 MB). Loaded Objects now: 5470.
Memory consumption went from 197.5 MB to 196.8 MB.
Total: 3.288500 ms (FindLiveObjects: 0.407500 ms CreateObjectMapping: 0.132800 ms MarkObjects: 2.522300 ms  DeleteObjects: 0.225200 ms)

AssetImportParameters requested are different than current active one (requested -> active):
  custom:video-decoder-ogg-theora: a1e56fd34408186e4bbccfd4996cb3dc -> 
  custom:container-muxer-webm: aa71ff27fc2769a1b78a27578f13a17b -> 
  custom:container-demuxer-webm: 4f35f7cbe854078d1ac9338744f61a02 -> 
  custom:video-encoder-webm-vp8: eb34c28f22e8b96e1ab97ce403110664 -> 
  custom:audio-encoder-webm-vorbis: bf7c407c2cedff20999df2af8eb42d56 -> 
  custom:framework-win-MediaFoundation: 216162199b28c13a410421893ffa2e32 -> 
  custom:container-demuxer-ogg: 62fdf1f143b41e24485cea50d1cbac27 -> 
  custom:video-decoder-webm-vp8: 9c59270c3fd7afecdb556c50c9e8de78 -> 
  custom:audio-decoder-ogg-vorbis: bf7c407c2cedff20999df2af8eb42d56 -> 
========================================================================
Received Import Request.
  Time since last request: 125890.088587 seconds.
  path: Assets/UniversalRenderPipelineGlobalSettings.asset
  artifactKey: Guid(18dc0cd2c080841dea60987a38ce93fa) Importer(815301076,1909f56bfc062723c751e8b465ee728b)
Start importing Assets/UniversalRenderPipelineGlobalSettings.asset using Guid(18dc0cd2c080841dea60987a38ce93fa) Importer(815301076,1909f56bfc062723c751e8b465ee728b)  -> (artifact id: '2eecc253734895facb66926253515a97') in 0.028394 seconds 
========================================================================
Received Import Request.
  Time since last request: 11.445048 seconds.
  path: Assets
  artifactKey: Guid(00000000000000001000000000000000) Importer(815301076,1909f56bfc062723c751e8b465ee728b)
Start importing Assets using Guid(00000000000000001000000000000000) Importer(815301076,1909f56bfc062723c751e8b465ee728b)  -> (artifact id: '79842766b460edbeab6a34051e857a80') in 0.001109 seconds 
========================================================================
Received Import Request.
  Time since last request: 6.034933 seconds.
  path: Assets/Arts
  artifactKey: Guid(e26dfc7520ef5a94a80f1e1518bac4cd) Importer(815301076,1909f56bfc062723c751e8b465ee728b)
Start importing Assets/Arts using Guid(e26dfc7520ef5a94a80f1e1518bac4cd) Importer(815301076,1909f56bfc062723c751e8b465ee728b)  -> (artifact id: '56f3e775bb0c19ef8179be51b0ea23ca') in 0.000817 seconds 
========================================================================
Received Import Request.
  Time since last request: 8.664406 seconds.
  path: Assets/Arts/Models
  artifactKey: Guid(f878c3e3995e0d142bd1df3414a4d8ba) Importer(815301076,1909f56bfc062723c751e8b465ee728b)
Start importing Assets/Arts/Models using Guid(f878c3e3995e0d142bd1df3414a4d8ba) Importer(815301076,1909f56bfc062723c751e8b465ee728b)  -> (artifact id: 'a3374a53e251525746d528fb573700b3') in 0.001054 seconds 
========================================================================
Received Import Request.
  Time since last request: 8.023305 seconds.
  path: Assets/Arts/Models/Characters
  artifactKey: Guid(f5f14a28aa39c714ea5110e72fb73eaa) Importer(815301076,1909f56bfc062723c751e8b465ee728b)
Start importing Assets/Arts/Models/Characters using Guid(f5f14a28aa39c714ea5110e72fb73eaa) Importer(815301076,1909f56bfc062723c751e8b465ee728b)  -> (artifact id: '03f9fc3625c51031b808c1c23ecf2a16') in 0.001046 seconds 
========================================================================
Received Import Request.
  Time since last request: 65.690990 seconds.
  path: Assets/Arts/Models/Characters/qin.fbx
  artifactKey: Guid(cdc24cb4d1c2b6b4eac8b242b16d3808) Importer(815301076,1909f56bfc062723c751e8b465ee728b)
Start importing Assets/Arts/Models/Characters/qin.fbx using Guid(cdc24cb4d1c2b6b4eac8b242b16d3808) Importer(815301076,1909f56bfc062723c751e8b465ee728b)  -> (artifact id: '2209ad0395861f7e631fa016c718c38f') in 1.804916 seconds 
========================================================================
Received Import Request.
  Time since last request: 152.216050 seconds.
  path: Assets/Arts/Models/Characters/qin.fbx
  artifactKey: Guid(cdc24cb4d1c2b6b4eac8b242b16d3808) Importer(815301076,1909f56bfc062723c751e8b465ee728b)
Start importing Assets/Arts/Models/Characters/qin.fbx using Guid(cdc24cb4d1c2b6b4eac8b242b16d3808) Importer(815301076,1909f56bfc062723c751e8b465ee728b)  -> (artifact id: '4f04fe8182d8f08073ecb078dd827ae2') in 0.079882 seconds 
========================================================================
Received Import Request.
  Time since last request: 0.093634 seconds.
  path: Assets/Arts/Models/Characters/qin.fbx
  artifactKey: Guid(cdc24cb4d1c2b6b4eac8b242b16d3808) Importer(815301076,1909f56bfc062723c751e8b465ee728b)
Start importing Assets/Arts/Models/Characters/qin.fbx using Guid(cdc24cb4d1c2b6b4eac8b242b16d3808) Importer(815301076,1909f56bfc062723c751e8b465ee728b)  -> (artifact id: '64d7a9af181eaf687764d82e54e236d5') in 0.140229 seconds 
========================================================================
Received Import Request.
  Time since last request: 5.536326 seconds.
  path: Assets/Arts/Models/Characters/Materials
  artifactKey: Guid(075f80eeff3eb994bae697f3a3e4a171) Importer(815301076,1909f56bfc062723c751e8b465ee728b)
Start importing Assets/Arts/Models/Characters/Materials using Guid(075f80eeff3eb994bae697f3a3e4a171) Importer(815301076,1909f56bfc062723c751e8b465ee728b)  -> (artifact id: 'fc23093ccd23fb005e23c30816843e20') in 0.000908 seconds 
========================================================================
Received Import Request.
  Time since last request: 0.059456 seconds.
  path: Assets/Arts/Models/Characters/Materials/头发.mat
  artifactKey: Guid(a50caa36a04bbc54e86c7025bc65ed4c) Importer(815301076,1909f56bfc062723c751e8b465ee728b)
Start importing Assets/Arts/Models/Characters/Materials/头发.mat using Guid(a50caa36a04bbc54e86c7025bc65ed4c) Importer(815301076,1909f56bfc062723c751e8b465ee728b)  -> (artifact id: '668e8e383f72152ec8ff4ae132657e5d') in 0.013676 seconds 
========================================================================
Received Import Request.
  Time since last request: 0.000023 seconds.
  path: Assets/Arts/Models/Characters/Materials/脸.mat
  artifactKey: Guid(7bca95d503d1a8c478ed80b55259e499) Importer(815301076,1909f56bfc062723c751e8b465ee728b)
Start importing Assets/Arts/Models/Characters/Materials/脸.mat using Guid(7bca95d503d1a8c478ed80b55259e499) Importer(815301076,1909f56bfc062723c751e8b465ee728b)  -> (artifact id: '8ec50dd6c11a03f3231b97544e418a34') in 0.010631 seconds 
========================================================================
Received Import Request.
  Time since last request: 0.000022 seconds.
  path: Assets/Arts/Models/Characters/Materials/表情.mat
  artifactKey: Guid(5b8e499e531e02a48bd566b8e0bdaf80) Importer(815301076,1909f56bfc062723c751e8b465ee728b)
Start importing Assets/Arts/Models/Characters/Materials/表情.mat using Guid(5b8e499e531e02a48bd566b8e0bdaf80) Importer(815301076,1909f56bfc062723c751e8b465ee728b)  -> (artifact id: 'c80af8f8f006a6f814d5fef59b459992') in 0.009111 seconds 
========================================================================
Received Import Request.
  Time since last request: 35.335315 seconds.
  path: Assets/Shaders
  artifactKey: Guid(2adceef5f431f644689e1ce56ca78933) Importer(815301076,1909f56bfc062723c751e8b465ee728b)
Start importing Assets/Shaders using Guid(2adceef5f431f644689e1ce56ca78933) Importer(815301076,1909f56bfc062723c751e8b465ee728b)  -> (artifact id: 'e0e725b865db7ad5ee95a8d067c267ed') in 0.082425 seconds 
========================================================================
Received Import Request.
  Time since last request: 30.374815 seconds.
  path: Assets/Shaders/NiloInvLerpRemap.hlsl
  artifactKey: Guid(906d199a1c4cf604886afaeeaaafb4f6) Importer(815301076,1909f56bfc062723c751e8b465ee728b)
Start importing Assets/Shaders/NiloInvLerpRemap.hlsl using Guid(906d199a1c4cf604886afaeeaaafb4f6) Importer(815301076,1909f56bfc062723c751e8b465ee728b)  -> (artifact id: '1d2d6f75899228cb609373543365c4a0') in 0.006317 seconds 
========================================================================
Received Import Request.
  Time since last request: 0.000036 seconds.
  path: Assets/Shaders/SimpleURPToonLitOutlineExample_LightingEquation.hlsl
  artifactKey: Guid(7b76ce7db6a2ce148aacae5c92affaf8) Importer(815301076,1909f56bfc062723c751e8b465ee728b)
Start importing Assets/Shaders/SimpleURPToonLitOutlineExample_LightingEquation.hlsl using Guid(7b76ce7db6a2ce148aacae5c92affaf8) Importer(815301076,1909f56bfc062723c751e8b465ee728b)  -> (artifact id: '4f78639e25976f0b33b4214d72dfdbec') in 0.001844 seconds 
========================================================================
Received Import Request.
  Time since last request: 0.000028 seconds.
  path: Assets/Shaders/NiloZOffset.hlsl
  artifactKey: Guid(cf6ad9e0207e2734395cb4464e6d6088) Importer(815301076,1909f56bfc062723c751e8b465ee728b)
Start importing Assets/Shaders/NiloZOffset.hlsl using Guid(cf6ad9e0207e2734395cb4464e6d6088) Importer(815301076,1909f56bfc062723c751e8b465ee728b)  -> (artifact id: 'f72f222221a70c6cdafeecf6237608f6') in 0.001882 seconds 
========================================================================
Received Import Request.
  Time since last request: 74.028690 seconds.
  path: Assets/Arts/Models/Characters/Materials/披肩.mat
  artifactKey: Guid(146c4205a16394d4ab34b852b7b6e5b1) Importer(815301076,1909f56bfc062723c751e8b465ee728b)
Start importing Assets/Arts/Models/Characters/Materials/披肩.mat using Guid(146c4205a16394d4ab34b852b7b6e5b1) Importer(815301076,1909f56bfc062723c751e8b465ee728b)  -> (artifact id: '550f2be0b52f6d57591e5701e919c619') in 1.839140 seconds 
========================================================================
Received Import Request.
  Time since last request: 0.000026 seconds.
  path: Assets/Arts/Models/Characters/Materials/表情.mat
  artifactKey: Guid(5b8e499e531e02a48bd566b8e0bdaf80) Importer(815301076,1909f56bfc062723c751e8b465ee728b)
Start importing Assets/Arts/Models/Characters/Materials/表情.mat using Guid(5b8e499e531e02a48bd566b8e0bdaf80) Importer(815301076,1909f56bfc062723c751e8b465ee728b)  -> (artifact id: 'cc221ff32fbf7948a4d8295df14de10d') in 0.029166 seconds 
